<?xml version="1.0" encoding="UTF-8"?>
<testsuite xmlns:xsi="http://www.w3.org/2001/XMLSchema-instance" xsi:noNamespaceSchemaLocation="https://maven.apache.org/surefire/maven-surefire-plugin/xsd/surefire-test-report-3.0.xsd" version="3.0" name="com.mytutor.demo.DemoApplicationTests" time="32.278" tests="5" errors="0" skipped="0" failures="0">
  <properties>
[...]
</properties>
  <testcase name="addCourseTest" classname="com.mytutor.demo.DemoApplicationTests" time="3.329">
    <system-out><![CDATA[16:45:46.716 [main] INFO org.springframework.test.context.support.AnnotationConfigContextLoaderUtils -- Could not detect default configuration classes for test class [com.mytutor.demo.DemoApplicationTests]: DemoApplicationTests does not declare any static, non-private, non-final, nested classes annotated with @Configuration.
16:45:47.422 [main] INFO org.springframework.boot.test.context.SpringBootTestContextBootstrapper -- Found @SpringBootConfiguration com.mytutor.demo.DemoApplication for test class com.mytutor.demo.DemoApplicationTests

  .   ____          _            __ _ _
 /\\ / ___'_ __ _ _(_)_ __  __ _ \ \ \ \
( ( )\___ | '_ | '_| | '_ \/ _` | \ \ \ \
 \\/  ___)| |_)| | | | | || (_| |  ) ) ) )
  '  |____| .__|_| |_|_| |_\__, | / / / /
 =========|_|==============|___/=/_/_/_/
 :: Spring Boot ::       (v3.2.0-SNAPSHOT)

2023-09-25T16:45:52.502+02:00  INFO 23560 --- [           main] com.mytutor.demo.DemoApplicationTests    : Starting DemoApplicationTests using Java 20.0.2 with PID 23560 (started by samnt in C:\Users\samnt\OneDrive - University of Cape Town\Documents\project_start_up-Mduduzi\project_start_up-Mduduzi\demo)
2023-09-25T16:45:52.502+02:00  INFO 23560 --- [           main] com.mytutor.demo.DemoApplicationTests    : No active profile set, falling back to 1 default profile: "default"
2023-09-25T16:45:56.900+02:00  INFO 23560 --- [           main] .s.d.r.c.RepositoryConfigurationDelegate : Multiple Spring Data modules found, entering strict repository configuration mode
2023-09-25T16:45:56.900+02:00  INFO 23560 --- [           main] .s.d.r.c.RepositoryConfigurationDelegate : Bootstrapping Spring Data JDBC repositories in DEFAULT mode.
2023-09-25T16:45:57.047+02:00  INFO 23560 --- [           main] .s.d.r.c.RepositoryConfigurationDelegate : Finished Spring Data repository scanning in 126 ms. Found 0 JDBC repository interfaces.
2023-09-25T16:45:57.096+02:00  INFO 23560 --- [           main] .s.d.r.c.RepositoryConfigurationDelegate : Multiple Spring Data modules found, entering strict repository configuration mode
2023-09-25T16:45:57.096+02:00  INFO 23560 --- [           main] .s.d.r.c.RepositoryConfigurationDelegate : Bootstrapping Spring Data JPA repositories in DEFAULT mode.
2023-09-25T16:45:57.164+02:00  INFO 23560 --- [           main] .s.d.r.c.RepositoryConfigurationDelegate : Finished Spring Data repository scanning in 41 ms. Found 0 JPA repository interfaces.
2023-09-25T16:46:00.317+02:00  INFO 23560 --- [           main] o.hibernate.jpa.internal.util.LogHelper  : HHH000204: Processing PersistenceUnitInfo [name: default]
2023-09-25T16:46:00.605+02:00  INFO 23560 --- [           main] org.hibernate.Version                    : HHH000412: Hibernate ORM core version 6.3.1.Final
2023-09-25T16:46:00.732+02:00  INFO 23560 --- [           main] o.h.c.internal.RegionFactoryInitiator    : HHH000026: Second-level cache disabled
2023-09-25T16:46:01.974+02:00  INFO 23560 --- [           main] o.s.o.j.p.SpringPersistenceUnitInfo      : No LoadTimeWeaver setup: ignoring JPA class transformer
2023-09-25T16:46:02.103+02:00  INFO 23560 --- [           main] com.zaxxer.hikari.HikariDataSource       : HikariPool-1 - Starting...
2023-09-25T16:46:02.190+02:00  INFO 23560 --- [           main] com.zaxxer.hikari.pool.HikariPool        : HikariPool-1 - Added connection com.mysql.cj.jdbc.ConnectionImpl@5e055ce1
2023-09-25T16:46:02.198+02:00  INFO 23560 --- [           main] com.zaxxer.hikari.HikariDataSource       : HikariPool-1 - Start completed.
2023-09-25T16:46:02.372+02:00  WARN 23560 --- [           main] org.hibernate.orm.deprecation            : HHH90000025: MySQLDialect does not need to be specified explicitly using 'hibernate.dialect' (remove the property setting and it will be selected by default)
2023-09-25T16:46:04.049+02:00  INFO 23560 --- [           main] o.h.e.t.j.p.i.JtaPlatformInitiator       : HHH000489: No JTA platform available (set 'hibernate.transaction.jta.platform' to enable JTA platform integration)
2023-09-25T16:46:04.066+02:00  INFO 23560 --- [           main] j.LocalContainerEntityManagerFactoryBean : Initialized JPA EntityManagerFactory for persistence unit 'default'
2023-09-25T16:46:04.287+02:00  INFO 23560 --- [           main] f.a.AutowiredAnnotationBeanPostProcessor : Autowired annotation is not supported on static fields: private static com.mytutor.demo.EmailFiles.EmailSenderService com.mytutor.demo.EmailFiles.EmailController.emailService
2023-09-25T16:46:04.907+02:00  WARN 23560 --- [           main] JpaBaseConfiguration$JpaWebConfiguration : spring.jpa.open-in-view is enabled by default. Therefore, database queries may be performed during view rendering. Explicitly configure spring.jpa.open-in-view to disable this warning
org.springframework.security.authentication.dao.DaoAuthenticationProvider@41d53813
2023-09-25T16:46:08.018+02:00  INFO 23560 --- [           main] o.s.b.a.e.web.EndpointLinksResolver      : Exposing 1 endpoint(s) beneath base path '/actuator'
2023-09-25T16:46:08.148+02:00  INFO 23560 --- [           main] o.s.s.web.DefaultSecurityFilterChain     : Will secure any request with [org.springframework.security.web.session.DisableEncodeUrlFilter@28c00acd, org.springframework.security.web.session.ForceEagerSessionCreationFilter@590f806a, org.springframework.security.web.context.request.async.WebAsyncManagerIntegrationFilter@2267b0bb, org.springframework.security.web.context.SecurityContextHolderFilter@b791e6e, org.springframework.security.web.header.HeaderWriterFilter@2681185e, org.springframework.web.filter.CorsFilter@20505460, org.springframework.security.web.csrf.CsrfFilter@222eda8a, org.springframework.security.web.authentication.logout.LogoutFilter@45964b9e, org.springframework.security.web.authentication.UsernamePasswordAuthenticationFilter@4629dde5, org.springframework.security.web.session.ConcurrentSessionFilter@4fe3f9ef, org.springframework.security.web.savedrequest.RequestCacheAwareFilter@4a34de5e, org.springframework.security.web.servletapi.SecurityContextHolderAwareRequestFilter@510bd87a, org.springframework.security.web.authentication.AnonymousAuthenticationFilter@8eeb4c5, org.springframework.security.web.session.SessionManagementFilter@1701beb3, org.springframework.security.web.access.ExceptionTranslationFilter@7304ca87, org.springframework.security.web.access.intercept.AuthorizationFilter@467421cc]
2023-09-25T16:46:13.383+02:00  INFO 23560 --- [           main] com.mytutor.demo.DemoApplicationTests    : Started DemoApplicationTests in 22.322 seconds (process running for 29.174)
2023-09-25T16:46:13.829+02:00  INFO 23560 --- [           main] f.a.AutowiredAnnotationBeanPostProcessor : Autowired annotation is not supported on static fields: static com.mytutor.demo.DatabaseControllers.DatabaseQueryController com.mytutor.demo.DemoApplicationTests.dbQueryController
2023-09-25T16:46:13.829+02:00  INFO 23560 --- [           main] f.a.AutowiredAnnotationBeanPostProcessor : Autowired annotation is not supported on static fields: static com.mytutor.demo.DatabaseControllers.DatabaseCreateController com.mytutor.demo.DemoApplicationTests.dbCreateController
2023-09-25T16:46:13.829+02:00  INFO 23560 --- [           main] f.a.AutowiredAnnotationBeanPostProcessor : Autowired annotation is not supported on static fields: static com.mytutor.demo.DatabaseControllers.DatabaseDeleteController com.mytutor.demo.DemoApplicationTests.dbDeleteController
]]></system-out>
  </testcase>
  <testcase name="addLoginDetails" classname="com.mytutor.demo.DemoApplicationTests" time="0.579"/>
  <testcase name="userLoginTest" classname="com.mytutor.demo.DemoApplicationTests" time="0.386"/>
  <testcase name="personTest" classname="com.mytutor.demo.DemoApplicationTests" time="0.079"/>
  <testcase name="activityTest" classname="com.mytutor.demo.DemoApplicationTests" time="0.101">
    <system-out><![CDATA[Activity details successfully added
]]></system-out>
  </testcase>
</testsuite>